<?xml version="1.0" encoding="UTF-8"?>
<!-- Generated by org.testng.reporters.JUnitReportReporter -->
<testsuite skipped="0" hostname="RakSan-HP32" name="otherAll.DataProviderValuesFromExcel" tests="4" failures="0" timestamp="14 Feb 2018 12:40:33 GMT" time="0.025" errors="0">
  <testcase name="test" time="0.003" classname="otherAll.DataProviderValuesFromExcel"/>
  <testcase name="test" time="0.006" classname="otherAll.DataProviderValuesFromExcel"/>
  <testcase name="test" time="0.009" classname="otherAll.DataProviderValuesFromExcel"/>
  <testcase name="test" time="0.007" classname="otherAll.DataProviderValuesFromExcel"/>
</testsuite> <!-- otherAll.DataProviderValuesFromExcel -->
