<?xml version="1.0" encoding="UTF-8"?>
<!-- Generated by org.testng.reporters.JUnitReportReporter -->
<testsuite skipped="0" hostname="RakSan-HP32" name="preserve.ClassOne" tests="6" failures="0" timestamp="06 Feb 2018 09:35:43 GMT" time="0.036" errors="0">
  <testcase name="third" time="0.002" classname="preserve.ClassOne"/>
  <testcase name="dataProviderParameters" time="0.005" classname="preserve.ClassOne"/>
  <testcase name="fourth" time="0.013" classname="preserve.ClassOne"/>
  <testcase name="dataProviderParameters" time="0.005" classname="preserve.ClassOne"/>
  <testcase name="first" time="0.006" classname="preserve.ClassOne"/>
  <testcase name="second" time="0.005" classname="preserve.ClassOne"/>
</testsuite> <!-- preserve.ClassOne -->
