<?xml version="1.0" encoding="UTF-8"?>
<!-- Generated by org.testng.reporters.JUnitReportReporter -->
<testsuite skipped="0" hostname="RakSan-HP32" name="otherAll.TestNGReportsClass" tests="2" failures="0" timestamp="15 Feb 2018 06:59:16 GMT" time="0.025" errors="0">
  <testcase name="reportsTest1" time="0.018" classname="otherAll.TestNGReportsClass"/>
  <testcase name="reportsTest" time="0.007" classname="otherAll.TestNGReportsClass"/>
</testsuite> <!-- otherAll.TestNGReportsClass -->
