<?xml version="1.0" encoding="UTF-8"?>
<!-- Generated by org.testng.reporters.JUnitReportReporter -->
<testsuite skipped="0" hostname="RakSan-HP32" name="otherAll.ClassLevelAnnotations" tests="4" failures="0" timestamp="07 Feb 2018 08:21:40 GMT" time="0.025" errors="0">
  <testcase name="Fourth" time="0.014" classname="otherAll.ClassLevelAnnotations"/>
  <testcase name="Three" time="0.003" classname="otherAll.ClassLevelAnnotations"/>
  <testcase name="Two" time="0.003" classname="otherAll.ClassLevelAnnotations"/>
  <testcase name="One" time="0.005" classname="otherAll.ClassLevelAnnotations"/>
</testsuite> <!-- otherAll.ClassLevelAnnotations -->
