<?xml version="1.0" encoding="UTF-8"?>
<!-- Generated by org.testng.reporters.JUnitReportReporter -->
<testsuite skipped="0" hostname="RakSan-HP32" name="javaScripts.OpeningBrowserAndNavigationThroughJS" tests="1" failures="0" timestamp="02 Mar 2018 11:17:40 GMT" time="3.467" errors="0">
  <testcase name="openURL" time="3.467" classname="javaScripts.OpeningBrowserAndNavigationThroughJS"/>
</testsuite> <!-- javaScripts.OpeningBrowserAndNavigationThroughJS -->
