<?xml version="1.0" encoding="UTF-8"?>
<!-- Generated by org.testng.reporters.JUnitReportReporter -->
<testsuite skipped="0" hostname="RakSan-HP32" name="otherAll.GroupsAnnotation" tests="6" failures="0" timestamp="12 Feb 2018 04:55:22 GMT" time="0.036" errors="0">
  <testcase name="test5" time="0.002" classname="otherAll.GroupsAnnotation"/>
  <testcase name="test1" time="0.023" classname="otherAll.GroupsAnnotation"/>
  <testcase name="test6" time="0.003" classname="otherAll.GroupsAnnotation"/>
  <testcase name="test2" time="0.002" classname="otherAll.GroupsAnnotation"/>
  <testcase name="test4" time="0.004" classname="otherAll.GroupsAnnotation"/>
  <testcase name="test3" time="0.002" classname="otherAll.GroupsAnnotation"/>
</testsuite> <!-- otherAll.GroupsAnnotation -->
