<?xml version="1.0" encoding="UTF-8"?>
<!-- Generated by org.testng.reporters.JUnitReportReporter -->
<testsuite skipped="0" hostname="RakSan-HP32" name="preserve.ClassTwo" tests="4" failures="0" timestamp="06 Feb 2018 09:35:43 GMT" time="0.005" errors="0">
  <testcase name="fourth" time="0.001" classname="preserve.ClassTwo"/>
  <testcase name="first" time="0.001" classname="preserve.ClassTwo"/>
  <testcase name="second" time="0.001" classname="preserve.ClassTwo"/>
  <testcase name="third" time="0.002" classname="preserve.ClassTwo"/>
</testsuite> <!-- preserve.ClassTwo -->
