<?xml version="1.0" encoding="UTF-8"?>
<!-- Generated by org.testng.reporters.JUnitReportReporter -->
<testsuite skipped="0" hostname="RakSan-HP32" name="javaScripts.ScrollingElement" tests="2" failures="0" timestamp="09 Mar 2018 06:25:33 GMT" time="17.263" errors="0">
  <testcase name="openURL" time="17.021" classname="javaScripts.ScrollingElement"/>
  <testcase name="clickUsingJS" time="0.242" classname="javaScripts.ScrollingElement"/>
</testsuite> <!-- javaScripts.ScrollingElement -->
