<?xml version="1.0" encoding="UTF-8"?>
<!-- Generated by org.testng.reporters.JUnitReportReporter -->
<testsuite skipped="0" hostname="RakSan-HP32" name="javaScripts.ScrollingElement" tests="1" failures="0" timestamp="06 Mar 2018 05:19:24 GMT" time="14.634" errors="0">
  <testcase name="openURL" time="14.634" classname="javaScripts.ScrollingElement"/>
</testsuite> <!-- javaScripts.ScrollingElement -->
