<?xml version="1.0" encoding="UTF-8"?>
<!-- Generated by org.testng.reporters.JUnitReportReporter -->
<testsuite skipped="0" hostname="RakSan-HP32" name="otherAll.ExecuteFailedTestCasesOnly" tests="2" failures="0" timestamp="05 Feb 2018 09:34:00 GMT" time="0.166" errors="0">
  <testcase name="getTestSuitName" time="0.018" classname="otherAll.ExecuteFailedTestCasesOnly"/>
  <testcase name="main" time="0.148" classname="otherAll.ExecuteFailedTestCasesOnly"/>
</testsuite> <!-- otherAll.ExecuteFailedTestCasesOnly -->
