<?xml version="1.0" encoding="UTF-8"?>
<!-- Generated by org.testng.reporters.JUnitReportReporter -->
<testsuite skipped="0" hostname="RakSan-HP32" name="checkAllLinksStatusOnWebPage.VerifyLinksOnPage" tests="1" failures="0" timestamp="09 Mar 2018 13:14:18 GMT" time="230.858" errors="0">
  <testcase name="testFindLinks" time="230.858" classname="checkAllLinksStatusOnWebPage.VerifyLinksOnPage"/>
</testsuite> <!-- checkAllLinksStatusOnWebPage.VerifyLinksOnPage -->
