<?xml version="1.0" encoding="UTF-8"?>
<!-- Generated by org.testng.reporters.JUnitReportReporter -->
<testsuite skipped="0" hostname="RakSan-HP32" name="otherAll.DataProviderValuesFromExcel" tests="4" failures="0" timestamp="07 Feb 2018 13:06:39 GMT" time="0.021" errors="0">
  <testcase name="test" time="0.011" classname="otherAll.DataProviderValuesFromExcel"/>
  <testcase name="test" time="0.004" classname="otherAll.DataProviderValuesFromExcel"/>
  <testcase name="test" time="0.002" classname="otherAll.DataProviderValuesFromExcel"/>
  <testcase name="test" time="0.004" classname="otherAll.DataProviderValuesFromExcel"/>
</testsuite> <!-- otherAll.DataProviderValuesFromExcel -->
