<?xml version="1.0" encoding="UTF-8"?>
<!-- Generated by org.testng.reporters.JUnitReportReporter -->
<testsuite skipped="0" hostname="RakSan-HP32" name="otherAll.AllAnnotationsExecutionOrder" tests="2" failures="0" timestamp="09 Feb 2018 12:31:01 GMT" time="0.012" errors="0">
  <testcase name="test2" time="0.009" classname="otherAll.AllAnnotationsExecutionOrder"/>
  <testcase name="test1" time="0.003" classname="otherAll.AllAnnotationsExecutionOrder"/>
</testsuite> <!-- otherAll.AllAnnotationsExecutionOrder -->
