<?xml version="1.0" encoding="UTF-8"?>
<!-- Generated by org.testng.reporters.JUnitReportReporter -->
<testsuite skipped="0" hostname="RakSan-HP32" name="fileUploadWindowHandle.FileUploadUsingRobot" tests="1" failures="0" timestamp="02 Mar 2018 07:00:35 GMT" time="20.621" errors="0">
  <testcase name="fileUpload" time="20.621" classname="fileUploadWindowHandle.FileUploadUsingRobot"/>
</testsuite> <!-- fileUploadWindowHandle.FileUploadUsingRobot -->
