<?xml version="1.0" encoding="UTF-8"?>
<!-- Generated by org.testng.reporters.JUnitReportReporter -->
<testsuite skipped="0" hostname="RakSan-HP32" name="actionsPackage.MouseOverActionsClass" tests="1" failures="0" timestamp="09 Mar 2018 07:22:59 GMT" time="8.774" errors="0">
  <testcase name="openURL" time="8.774" classname="actionsPackage.MouseOverActionsClass"/>
</testsuite> <!-- actionsPackage.MouseOverActionsClass -->
