<?xml version="1.0" encoding="UTF-8"?>
<!-- Generated by org.testng.reporters.JUnitReportReporter -->
<testsuite skipped="0" hostname="RakSan-HP32" name="preserve.ClassThree" tests="4" failures="0" timestamp="06 Feb 2018 09:35:43 GMT" time="0.006" errors="0">
  <testcase name="second" time="0.001" classname="preserve.ClassThree"/>
  <testcase name="first" time="0.002" classname="preserve.ClassThree"/>
  <testcase name="third" time="0.001" classname="preserve.ClassThree"/>
  <testcase name="fourth" time="0.002" classname="preserve.ClassThree"/>
</testsuite> <!-- preserve.ClassThree -->
